<?xml version="1.0" encoding="UTF-8"?>
<!-- Generated by org.testng.reporters.JUnitReportReporter -->
<testsuite skipped="0" hostname="LAPTOP-1BCJRB17" name="com.ClassMateDemo.LearnSession.ProfileImageUpload" tests="2" failures="0" timestamp="09 Oct 2019 05:36:07 GMT" time="88.406" errors="0">
  <testcase name="test_setup" time="19.551" classname="com.ClassMateDemo.LearnSession.ProfileImageUpload"/>
  <testcase name="test" time="68.855" classname="com.ClassMateDemo.LearnSession.ProfileImageUpload"/>
</testsuite> <!-- com.ClassMateDemo.LearnSession.ProfileImageUpload -->
